<?xml version="1.0" encoding="UTF-8"?>
<testng-results ignored="0" total="6" passed="6" failed="0" skipped="0">
  <reporter-output>
  </reporter-output>
  <suite started-at="2024-01-12T23:06:36 IST" name="Suite" finished-at="2024-01-12T23:07:00 IST" duration-ms="24608">
    <groups>
      <group name="cucumber">
        <method signature="AbstractTestNGCucumberTests.runScenario(io.cucumber.testng.PickleWrapper,io.cucumber.testng.FeatureWrapper)[pri:0, instance:TestRunner.RunnerTest@5acf93bb]" name="runScenario" class="io.cucumber.testng.AbstractTestNGCucumberTests"/>
      </group> <!-- cucumber -->
    </groups>
    <test started-at="2024-01-12T23:06:36 IST" name="Test" finished-at="2024-01-12T23:07:00 IST" duration-ms="24608">
      <class name="TestRunner.RunnerTest">
        <test-method is-config="true" signature="setUpClass(org.testng.ITestContext)[pri:0, instance:TestRunner.RunnerTest@5acf93bb]" started-at="2024-01-12T23:06:36 IST" name="setUpClass" finished-at="2024-01-12T23:06:36 IST" duration-ms="191" status="PASS">
          <params>
            <param index="0">
              <value>
                <![CDATA[org.testng.TestRunner@372ca2d6]]>
              </value>
            </param>
          </params>
          <reporter-output>
          </reporter-output>
        </test-method> <!-- setUpClass -->
        <test-method signature="runScenario(io.cucumber.testng.PickleWrapper,io.cucumber.testng.FeatureWrapper)[pri:0, instance:TestRunner.RunnerTest@5acf93bb]" started-at="2024-01-12T23:06:36 IST" name="runScenario" description="Runs Cucumber Scenarios" data-provider="scenarios" finished-at="2024-01-12T23:06:56 IST" duration-ms="19997" status="PASS">
          <params>
            <param index="0">
              <value>
                <![CDATA["Validate the New Account Information # parameter"]]>
              </value>
            </param>
            <param index="1">
              <value>
                <![CDATA["Test Register USP Create Account Application"]]>
              </value>
            </param>
          </params>
          <reporter-output>
          </reporter-output>
        </test-method> <!-- runScenario -->
        <test-method signature="runScenario(io.cucumber.testng.PickleWrapper,io.cucumber.testng.FeatureWrapper)[pri:0, instance:TestRunner.RunnerTest@5acf93bb]" started-at="2024-01-12T23:06:56 IST" name="runScenario" description="Runs Cucumber Scenarios" data-provider="scenarios" finished-at="2024-01-12T23:06:57 IST" duration-ms="521" status="PASS">
          <params>
            <param index="0">
              <value>
                <![CDATA["Test Company and Organization information #data driven testing in cucumber"]]>
              </value>
            </param>
            <param index="1">
              <value>
                <![CDATA["Test Register USP Create Account Application"]]>
              </value>
            </param>
          </params>
          <reporter-output>
          </reporter-output>
        </test-method> <!-- runScenario -->
        <test-method signature="runScenario(io.cucumber.testng.PickleWrapper,io.cucumber.testng.FeatureWrapper)[pri:0, instance:TestRunner.RunnerTest@5acf93bb]" started-at="2024-01-12T23:06:57 IST" name="runScenario" description="Runs Cucumber Scenarios" data-provider="scenarios" finished-at="2024-01-12T23:06:57 IST" duration-ms="511" status="PASS">
          <params>
            <param index="0">
              <value>
                <![CDATA["Test Company and Organization information #data driven testing in cucumber"]]>
              </value>
            </param>
            <param index="1">
              <value>
                <![CDATA["Test Register USP Create Account Application"]]>
              </value>
            </param>
          </params>
          <reporter-output>
          </reporter-output>
        </test-method> <!-- runScenario -->
        <test-method signature="runScenario(io.cucumber.testng.PickleWrapper,io.cucumber.testng.FeatureWrapper)[pri:0, instance:TestRunner.RunnerTest@5acf93bb]" started-at="2024-01-12T23:06:57 IST" name="runScenario" description="Runs Cucumber Scenarios" data-provider="scenarios" finished-at="2024-01-12T23:06:58 IST" duration-ms="553" status="PASS">
          <params>
            <param index="0">
              <value>
                <![CDATA["Test Company and Organization information #data driven testing in cucumber"]]>
              </value>
            </param>
            <param index="1">
              <value>
                <![CDATA["Test Register USP Create Account Application"]]>
              </value>
            </param>
          </params>
          <reporter-output>
          </reporter-output>
        </test-method> <!-- runScenario -->
        <test-method signature="runScenario(io.cucumber.testng.PickleWrapper,io.cucumber.testng.FeatureWrapper)[pri:0, instance:TestRunner.RunnerTest@5acf93bb]" started-at="2024-01-12T23:06:58 IST" name="runScenario" description="Runs Cucumber Scenarios" data-provider="scenarios" finished-at="2024-01-12T23:06:59 IST" duration-ms="1313" status="PASS">
          <params>
            <param index="0">
              <value>
                <![CDATA["Test and validate the entered Address Functionality #dataTable"]]>
              </value>
            </param>
            <param index="1">
              <value>
                <![CDATA["Test Register USP Create Account Application"]]>
              </value>
            </param>
          </params>
          <reporter-output>
          </reporter-output>
        </test-method> <!-- runScenario -->
        <test-method signature="runScenario(io.cucumber.testng.PickleWrapper,io.cucumber.testng.FeatureWrapper)[pri:0, instance:TestRunner.RunnerTest@5acf93bb]" started-at="2024-01-12T23:06:59 IST" name="runScenario" description="Runs Cucumber Scenarios" data-provider="scenarios" finished-at="2024-01-12T23:07:00 IST" duration-ms="1496" status="PASS">
          <params>
            <param index="0">
              <value>
                <![CDATA["Test and validate the contactinformation functionality"]]>
              </value>
            </param>
            <param index="1">
              <value>
                <![CDATA["Test Register USP Create Account Application"]]>
              </value>
            </param>
          </params>
          <reporter-output>
          </reporter-output>
        </test-method> <!-- runScenario -->
        <test-method is-config="true" signature="tearDownClass()[pri:0, instance:TestRunner.RunnerTest@5acf93bb]" started-at="2024-01-12T23:07:00 IST" name="tearDownClass" finished-at="2024-01-12T23:07:00 IST" duration-ms="0" status="PASS">
          <reporter-output>
          </reporter-output>
        </test-method> <!-- tearDownClass -->
      </class> <!-- TestRunner.RunnerTest -->
    </test> <!-- Test -->
  </suite> <!-- Suite -->
</testng-results>
