<?xml version="1.0" encoding="UTF-8"?>
<testsuite xmlns:xsi="http://www.w3.org/2001/XMLSchema-instance" xsi:noNamespaceSchemaLocation="https://maven.apache.org/surefire/maven-surefire-plugin/xsd/surefire-test-report-3.0.xsd" version="3.0" name="TestSuite" time="25.282" tests="6" errors="0" skipped="0" failures="0">
  <properties>
[...]
</properties>
  <testcase name="runScenario[&quot;Validate the New Account Information # parameter&quot;, &quot;Test Register USP Create Account Application&quot;](1)" classname="TestRunner.RunnerTest" time="20.004">
    <system-err><![CDATA[Jan 12, 2024 11:06:40 PM org.openqa.selenium.devtools.CdpVersionFinder findNearestMatch
WARNING: Unable to find an exact match for CDP version 120, returning the closest version; found: 119; Please update to a Selenium version that supports CDP version 120
]]></system-err>
  </testcase>
  <testcase name="runScenario[&quot;Test Company and Organization information #data driven testing in cucumber&quot;, &quot;Test Register USP Create Account Application&quot;](2)" classname="TestRunner.RunnerTest" time="0.513"/>
  <testcase name="runScenario[&quot;Test Company and Organization information #data driven testing in cucumber&quot;, &quot;Test Register USP Create Account Application&quot;](3)" classname="TestRunner.RunnerTest" time="0.511"/>
  <testcase name="runScenario[&quot;Test Company and Organization information #data driven testing in cucumber&quot;, &quot;Test Register USP Create Account Application&quot;](4)" classname="TestRunner.RunnerTest" time="0.553"/>
  <testcase name="runScenario[&quot;Test and validate the entered Address Functionality #dataTable&quot;, &quot;Test Register USP Create Account Application&quot;](5)" classname="TestRunner.RunnerTest" time="1.313"/>
  <testcase name="runScenario[&quot;Test and validate the contactinformation functionality&quot;, &quot;Test Register USP Create Account Application&quot;](6)" classname="TestRunner.RunnerTest" time="1.496"/>
</testsuite>