<?xml version="1.0" encoding="UTF-8"?>
<testng-results ignored="0" total="6" passed="6" failed="0" skipped="0">
  <reporter-output>
  </reporter-output>
  <suite started-at="2024-01-12T00:16:37 IST" name="Suite" finished-at="2024-01-12T00:17:00 IST" duration-ms="23728">
    <groups>
      <group name="cucumber">
        <method signature="AbstractTestNGCucumberTests.runScenario(io.cucumber.testng.PickleWrapper,io.cucumber.testng.FeatureWrapper)[pri:0, instance:TestRunner.RunnerTest@6221a451]" name="runScenario" class="io.cucumber.testng.AbstractTestNGCucumberTests"/>
      </group> <!-- cucumber -->
    </groups>
    <test started-at="2024-01-12T00:16:37 IST" name="Test" finished-at="2024-01-12T00:17:00 IST" duration-ms="23728">
      <class name="TestRunner.RunnerTest">
        <test-method is-config="true" signature="setUpClass(org.testng.ITestContext)[pri:0, instance:TestRunner.RunnerTest@6221a451]" started-at="2024-01-12T00:16:37 IST" name="setUpClass" finished-at="2024-01-12T00:16:37 IST" duration-ms="246" status="PASS">
          <params>
            <param index="0">
              <value>
                <![CDATA[org.testng.TestRunner@19a64eae]]>
              </value>
            </param>
          </params>
          <reporter-output>
          </reporter-output>
        </test-method> <!-- setUpClass -->
        <test-method signature="runScenario(io.cucumber.testng.PickleWrapper,io.cucumber.testng.FeatureWrapper)[pri:0, instance:TestRunner.RunnerTest@6221a451]" started-at="2024-01-12T00:16:37 IST" name="runScenario" description="Runs Cucumber Scenarios" data-provider="scenarios" finished-at="2024-01-12T00:16:56 IST" duration-ms="19018" status="PASS">
          <params>
            <param index="0">
              <value>
                <![CDATA["Validate the New Account Information # parameter"]]>
              </value>
            </param>
            <param index="1">
              <value>
                <![CDATA["Test Register USP Create Account Application"]]>
              </value>
            </param>
          </params>
          <reporter-output>
          </reporter-output>
        </test-method> <!-- runScenario -->
        <test-method signature="runScenario(io.cucumber.testng.PickleWrapper,io.cucumber.testng.FeatureWrapper)[pri:0, instance:TestRunner.RunnerTest@6221a451]" started-at="2024-01-12T00:16:56 IST" name="runScenario" description="Runs Cucumber Scenarios" data-provider="scenarios" finished-at="2024-01-12T00:16:56 IST" duration-ms="524" status="PASS">
          <params>
            <param index="0">
              <value>
                <![CDATA["Test Company and Organization information #data driven testing in cucumber"]]>
              </value>
            </param>
            <param index="1">
              <value>
                <![CDATA["Test Register USP Create Account Application"]]>
              </value>
            </param>
          </params>
          <reporter-output>
          </reporter-output>
        </test-method> <!-- runScenario -->
        <test-method signature="runScenario(io.cucumber.testng.PickleWrapper,io.cucumber.testng.FeatureWrapper)[pri:0, instance:TestRunner.RunnerTest@6221a451]" started-at="2024-01-12T00:16:56 IST" name="runScenario" description="Runs Cucumber Scenarios" data-provider="scenarios" finished-at="2024-01-12T00:16:57 IST" duration-ms="540" status="PASS">
          <params>
            <param index="0">
              <value>
                <![CDATA["Test Company and Organization information #data driven testing in cucumber"]]>
              </value>
            </param>
            <param index="1">
              <value>
                <![CDATA["Test Register USP Create Account Application"]]>
              </value>
            </param>
          </params>
          <reporter-output>
          </reporter-output>
        </test-method> <!-- runScenario -->
        <test-method signature="runScenario(io.cucumber.testng.PickleWrapper,io.cucumber.testng.FeatureWrapper)[pri:0, instance:TestRunner.RunnerTest@6221a451]" started-at="2024-01-12T00:16:57 IST" name="runScenario" description="Runs Cucumber Scenarios" data-provider="scenarios" finished-at="2024-01-12T00:16:57 IST" duration-ms="474" status="PASS">
          <params>
            <param index="0">
              <value>
                <![CDATA["Test Company and Organization information #data driven testing in cucumber"]]>
              </value>
            </param>
            <param index="1">
              <value>
                <![CDATA["Test Register USP Create Account Application"]]>
              </value>
            </param>
          </params>
          <reporter-output>
          </reporter-output>
        </test-method> <!-- runScenario -->
        <test-method signature="runScenario(io.cucumber.testng.PickleWrapper,io.cucumber.testng.FeatureWrapper)[pri:0, instance:TestRunner.RunnerTest@6221a451]" started-at="2024-01-12T00:16:57 IST" name="runScenario" description="Runs Cucumber Scenarios" data-provider="scenarios" finished-at="2024-01-12T00:16:59 IST" duration-ms="1130" status="PASS">
          <params>
            <param index="0">
              <value>
                <![CDATA["Test and validate the entered Address Functionality #dataTable"]]>
              </value>
            </param>
            <param index="1">
              <value>
                <![CDATA["Test Register USP Create Account Application"]]>
              </value>
            </param>
          </params>
          <reporter-output>
          </reporter-output>
        </test-method> <!-- runScenario -->
        <test-method signature="runScenario(io.cucumber.testng.PickleWrapper,io.cucumber.testng.FeatureWrapper)[pri:0, instance:TestRunner.RunnerTest@6221a451]" started-at="2024-01-12T00:16:59 IST" name="runScenario" description="Runs Cucumber Scenarios" data-provider="scenarios" finished-at="2024-01-12T00:17:00 IST" duration-ms="1762" status="PASS">
          <params>
            <param index="0">
              <value>
                <![CDATA["Test and validate the contactinformation functionality"]]>
              </value>
            </param>
            <param index="1">
              <value>
                <![CDATA["Test Register USP Create Account Application"]]>
              </value>
            </param>
          </params>
          <reporter-output>
          </reporter-output>
        </test-method> <!-- runScenario -->
        <test-method is-config="true" signature="tearDownClass()[pri:0, instance:TestRunner.RunnerTest@6221a451]" started-at="2024-01-12T00:17:00 IST" name="tearDownClass" finished-at="2024-01-12T00:17:00 IST" duration-ms="6" status="PASS">
          <reporter-output>
          </reporter-output>
        </test-method> <!-- tearDownClass -->
      </class> <!-- TestRunner.RunnerTest -->
    </test> <!-- Test -->
  </suite> <!-- Suite -->
</testng-results>
